Determining if the pthread_create exist failed with the following output:
Change Dir: /home/ros/Programmering/build/CMakeFiles/CMakeTmp

Run Build Command:"/usr/bin/make" "cmTC_626ba/fast"
/usr/bin/make -f CMakeFiles/cmTC_626ba.dir/build.make CMakeFiles/cmTC_626ba.dir/build
make[1]: Entering directory '/home/ros/Programmering/build/CMakeFiles/CMakeTmp'
Building C object CMakeFiles/cmTC_626ba.dir/CheckSymbolExists.c.o
/usr/bin/cc     -o CMakeFiles/cmTC_626ba.dir/CheckSymbolExists.c.o   -c /home/ros/Programmering/build/CMakeFiles/CMakeTmp/CheckSymbolExists.c
Linking C executable cmTC_626ba
/usr/bin/cmake -E cmake_link_script CMakeFiles/cmTC_626ba.dir/link.txt --verbose=1
/usr/bin/cc       CMakeFiles/cmTC_626ba.dir/CheckSymbolExists.c.o  -o cmTC_626ba -rdynamic 
CMakeFiles/cmTC_626ba.dir/CheckSymbolExists.c.o: In function `main':
CheckSymbolExists.c:(.text+0x16): undefined reference to `pthread_create'
collect2: error: ld returned 1 exit status
CMakeFiles/cmTC_626ba.dir/build.make:97: recipe for target 'cmTC_626ba' failed
make[1]: *** [cmTC_626ba] Error 1
make[1]: Leaving directory '/home/ros/Programmering/build/CMakeFiles/CMakeTmp'
Makefile:126: recipe for target 'cmTC_626ba/fast' failed
make: *** [cmTC_626ba/fast] Error 2

File /home/ros/Programmering/build/CMakeFiles/CMakeTmp/CheckSymbolExists.c:
/* */
#include <pthread.h>

int main(int argc, char** argv)
{
  (void)argv;
#ifndef pthread_create
  return ((int*)(&pthread_create))[argc];
#else
  (void)argc;
  return 0;
#endif
}

Determining if the function pthread_create exists in the pthreads failed with the following output:
Change Dir: /home/ros/Programmering/build/CMakeFiles/CMakeTmp

Run Build Command:"/usr/bin/make" "cmTC_04974/fast"
/usr/bin/make -f CMakeFiles/cmTC_04974.dir/build.make CMakeFiles/cmTC_04974.dir/build
make[1]: Entering directory '/home/ros/Programmering/build/CMakeFiles/CMakeTmp'
Building C object CMakeFiles/cmTC_04974.dir/CheckFunctionExists.c.o
/usr/bin/cc    -DCHECK_FUNCTION_EXISTS=pthread_create   -o CMakeFiles/cmTC_04974.dir/CheckFunctionExists.c.o   -c /usr/share/cmake-3.5/Modules/CheckFunctionExists.c
Linking C executable cmTC_04974
/usr/bin/cmake -E cmake_link_script CMakeFiles/cmTC_04974.dir/link.txt --verbose=1
/usr/bin/cc   -DCHECK_FUNCTION_EXISTS=pthread_create    CMakeFiles/cmTC_04974.dir/CheckFunctionExists.c.o  -o cmTC_04974 -rdynamic -lpthreads 
/usr/bin/ld: cannot find -lpthreads
collect2: error: ld returned 1 exit status
CMakeFiles/cmTC_04974.dir/build.make:97: recipe for target 'cmTC_04974' failed
make[1]: *** [cmTC_04974] Error 1
make[1]: Leaving directory '/home/ros/Programmering/build/CMakeFiles/CMakeTmp'
Makefile:126: recipe for target 'cmTC_04974/fast' failed
make: *** [cmTC_04974/fast] Error 2


